Added Parameter Alternate Manufacturer=Texas Instruments to Part L?
Added Parameter Alternate PartNumber=BQ76200PW to Part L?
Added Parameter ComponentLink1Description=Datasheet Link to Part L?
Added Parameter ComponentLink1URL=http://www.ti.com/lit/ds/symlink/bq76200.pdf to Part L?
Added Parameter CompType=IC to Part L?
Added Parameter LatestRevisionDate=2016-06-17 to Part L?
Added Parameter Manufacturer=Texas Instruments to Part L?
Added Parameter MountType=SMT to Part L?
Added Parameter PackageDescription=TSSOP-16 to Part L?
Added Parameter PackageReference=PW0016A to Part L?
Added Parameter PartNumber=BQ76200PWR to Part L?
Added Parameter Publisher=Texas Instruments to Part L?
Added Parameter RoHS=Y to Part L?
Added Parameter SizeArea_mm2=32 to Part L?
Added Parameter SizeAreaWB_mm2=58.8 to Part L?
Added Parameter SizeX_mm=6.4 to Part L?
Added Parameter SizeY_mm=5 to Part L?
Added Parameter SizeZ_mm=1.2 to Part L?
Added Parameter SymbolCreator=x0208325 to Part L?
Added Parameter SymbolVersion=2013-12-26 to Part L?
Added Parameter U/M=EA to Part L?
