Added Parameter AEC Category=Q200 to Implementation PCBLIB IND NR4018T470M
Added Parameter AEC Category=Q200 to Part L?
Added Parameter AEC Grade= to Implementation PCBLIB IND NR4018T470M
Added Parameter AEC Grade= to Part L?
Added Parameter AEC Qualified=y to Implementation PCBLIB IND NR4018T470M
Added Parameter AEC Qualified=y to Part L?
Added Parameter Alternate Manufacturer= to Implementation PCBLIB IND NR4018T470M
Added Parameter Alternate Manufacturer= to Part L?
Added Parameter Alternate PartNumber= to Implementation PCBLIB IND NR4018T470M
Added Parameter Alternate PartNumber= to Part L?
Added Parameter Cap_Case=0805 to Implementation PCBLIB IND NR4018T470M
Added Parameter Cap_Case=0805 to Part L?
Added Parameter Cap_F=0.000001 to Implementation PCBLIB IND NR4018T470M
Added Parameter Cap_F=0.000001 to Part L?
Added Parameter ComponentLink1Description=Datasheet link to Implementation PCBLIB IND NR4018T470M
Added Parameter ComponentLink1Description=Datasheet link to Part L?
Added Parameter ComponentLink1URL=https://product.tdk.com/info/en/documents/chara_sheet/CGA4J3X7S2A105M125AB.pdf to Implementation PCBLIB IND NR4018T470M
Added Parameter ComponentLink1URL=https://product.tdk.com/info/en/documents/chara_sheet/CGA4J3X7S2A105M125AB.pdf to Part L?
Added Parameter CompType=Capacitor to Implementation PCBLIB IND NR4018T470M
Added Parameter CompType=Capacitor to Part L?
Added Parameter ESR_ohm= to Implementation PCBLIB IND NR4018T470M
Added Parameter ESR_ohm= to Part L?
Added Parameter IRMS_A= to Implementation PCBLIB IND NR4018T470M
Added Parameter IRMS_A= to Part L?
Added Parameter LatestRevisionDate=2016-06-14 to Implementation PCBLIB IND NR4018T470M
Added Parameter LatestRevisionDate=2016-06-14 to Part L?
Added Parameter Manufacturer=TDK Corporation to Implementation PCBLIB IND NR4018T470M
Added Parameter Manufacturer=TDK Corporation to Part L?
Added Parameter MountType=SMT to Implementation PCBLIB IND NR4018T470M
Added Parameter MountType=SMT to Part L?
Added Parameter PackageReference=0805 to Implementation PCBLIB IND NR4018T470M
Added Parameter PackageReference=0805 to Part L?
Added Parameter PartNumber=CGA4J3X7S2A105M125AB to Implementation PCBLIB IND NR4018T470M
Added Parameter PartNumber=CGA4J3X7S2A105M125AB to Part L?
Added Parameter Polarized=N to Implementation PCBLIB IND NR4018T470M
Added Parameter Polarized=N to Part L?
Added Parameter Published=2008-06-19 to Implementation PCBLIB IND NR4018T470M
Added Parameter Published=2008-06-19 to Part L?
Added Parameter Publisher=Texas Instruments to Implementation PCBLIB IND NR4018T470M
Added Parameter Publisher=Texas Instruments to Part L?
Added Parameter RoHS=Y to Implementation PCBLIB IND NR4018T470M
Added Parameter RoHS=Y to Part L?
Added Parameter SizeArea_mm2=5.12 to Implementation PCBLIB IND NR4018T470M
Added Parameter SizeArea_mm2=5.12 to Part L?
Added Parameter SizeAreaWB_mm2=14.7 to Implementation PCBLIB IND NR4018T470M
Added Parameter SizeAreaWB_mm2=14.7 to Part L?
Added Parameter SizeX_mm=3.2 to Implementation PCBLIB IND NR4018T470M
Added Parameter SizeX_mm=3.2 to Part L?
Added Parameter SizeY_mm=1.6 to Implementation PCBLIB IND NR4018T470M
Added Parameter SizeY_mm=1.6 to Part L?
Added Parameter SizeZ_mm=2.7 to Implementation PCBLIB IND NR4018T470M
Added Parameter SizeZ_mm=2.7 to Part L?
Added Parameter SymbolVersion=2008-07-09 to Implementation PCBLIB IND NR4018T470M
Added Parameter SymbolVersion=2008-07-09 to Part L?
Added Parameter TaMax_C=125 to Implementation PCBLIB IND NR4018T470M
Added Parameter TaMax_C=125 to Part L?
Added Parameter TaMin_C=-55 to Implementation PCBLIB IND NR4018T470M
Added Parameter TaMin_C=-55 to Part L?
Added Parameter Technology=Ceramic to Implementation PCBLIB IND NR4018T470M
Added Parameter Technology=Ceramic to Part L?
Added Parameter TempCo=X7R to Implementation PCBLIB IND NR4018T470M
Added Parameter TempCo=X7R to Part L?
Added Parameter Tolerance_%=20 to Implementation PCBLIB IND NR4018T470M
Added Parameter Tolerance_%=20 to Part L?
Added Parameter U/M=EA to Implementation PCBLIB IND NR4018T470M
Added Parameter U/M=EA to Part L?
Added Parameter Value1=Unknown to Implementation PCBLIB IND NR4018T470M
Added Parameter Value1=Unknown to Part L?
Added Parameter Value2=100V to Implementation PCBLIB IND NR4018T470M
Added Parameter Value2=100V to Part L?
Added Parameter Value=1uF to Implementation PCBLIB IND NR4018T470M
Added Parameter Value=1uF to Part L?
Added Parameter ValueDisplayed=1µF to Implementation PCBLIB IND NR4018T470M
Added Parameter ValueDisplayed=1µF to Part L?
Added Parameter VDC_V=100 to Implementation PCBLIB IND NR4018T470M
Added Parameter VDC_V=100 to Part L?
